TN:
SF:X:\XamppPHP7\htdocs\OOSE-FrontEnd\app\utils\utils.ts
FN:8,(anonymous_0)
FN:28,(anonymous_1)
FN:43,(anonymous_2)
FNF:3
FNH:3
FNDA:1,(anonymous_0)
FNDA:1,(anonymous_1)
FNDA:2,(anonymous_2)
DA:1,1
DA:9,1
DA:10,1
DA:11,1
DA:12,1
DA:13,1
DA:14,1
DA:15,1
DA:29,1
DA:30,1
DA:31,1
DA:32,1
DA:33,1
DA:34,1
DA:44,2
LF:15
LH:15
BRDA:9,0,0,1
BRDA:9,0,1,0
BRDA:11,1,0,1
BRDA:11,1,1,0
BRDA:14,2,0,1
BRDA:14,2,1,0
BRDA:30,3,0,0
BRDA:30,3,1,1
BRDA:33,4,0,0
BRDA:33,4,1,1
BRF:10
BRH:5
end_of_record
TN:
SF:X:\XamppPHP7\htdocs\OOSE-FrontEnd\tests\poc.test.ts
FN:4,(anonymous_0)
FN:6,(anonymous_1)
FNF:2
FNH:2
FNDA:1,(anonymous_0)
FNDA:1,(anonymous_1)
DA:1,1
DA:2,1
DA:4,1
DA:6,1
DA:7,1
DA:8,1
LF:6
LH:6
BRF:0
BRH:0
end_of_record
TN:
SF:X:\XamppPHP7\htdocs\OOSE-FrontEnd\tests\utils.test.ts
FN:6,(anonymous_0)
FN:7,(anonymous_1)
FN:15,(anonymous_2)
FN:16,(anonymous_3)
FN:23,(anonymous_4)
FN:24,(anonymous_5)
FNF:6
FNH:6
FNDA:1,(anonymous_0)
FNDA:1,(anonymous_1)
FNDA:1,(anonymous_2)
FNDA:1,(anonymous_3)
FNDA:1,(anonymous_4)
FNDA:1,(anonymous_5)
DA:2,1
DA:3,1
DA:4,1
DA:6,1
DA:7,1
DA:8,1
DA:9,1
DA:10,1
DA:15,1
DA:16,1
DA:17,1
DA:18,1
DA:23,1
DA:24,1
DA:25,1
LF:15
LH:15
BRF:0
BRH:0
end_of_record
